<?xml version="1.0" encoding="UTF-8"?>
<testsuite xmlns:xsi="http://www.w3.org/2001/XMLSchema-instance" xsi:noNamespaceSchemaLocation="https://maven.apache.org/surefire/maven-surefire-plugin/xsd/surefire-test-report-3.0.xsd" version="3.0" name="com.niladri.MoneyManagement.MoneyManagementApplicationTests" time="11.956" tests="1" errors="0" skipped="0" failures="0">
  <properties>
[...]
</properties>
  <testcase name="contextLoads" classname="com.niladri.MoneyManagement.MoneyManagementApplicationTests" time="2.0">
    <system-out><![CDATA[15:51:14.682 [main] INFO org.springframework.test.context.support.AnnotationConfigContextLoaderUtils -- Could not detect default configuration classes for test class [com.niladri.MoneyManagement.MoneyManagementApplicationTests]: MoneyManagementApplicationTests does not declare any static, non-private, non-final, nested classes annotated with @Configuration.
15:51:15.036 [main] INFO org.springframework.boot.test.context.SpringBootTestContextBootstrapper -- Found @SpringBootConfiguration com.niladri.MoneyManagement.MoneyManagementApplication for test class com.niladri.MoneyManagement.MoneyManagementApplicationTests
15:51:15.475 [main] INFO org.springframework.boot.devtools.restart.RestartApplicationListener -- Restart disabled due to context in which it is running

  .   ____          _            __ _ _
 /\\ / ___'_ __ _ _(_)_ __  __ _ \ \ \ \
( ( )\___ | '_ | '_| | '_ \/ _` | \ \ \ \
 \\/  ___)| |_)| | | | | || (_| |  ) ) ) )
  '  |____| .__|_| |_|_| |_\__, | / / / /
 =========|_|==============|___/=/_/_/_/
 :: Spring Boot ::                (v3.2.1)

2024-01-06T15:51:16.092+05:30  INFO 12384 --- [           main] c.n.M.MoneyManagementApplicationTests    : Starting MoneyManagementApplicationTests using Java 21.0.1 with PID 12384 (started by acer pc in E:\projects\Salt clone\MoneyManagement)
2024-01-06T15:51:16.095+05:30  INFO 12384 --- [           main] c.n.M.MoneyManagementApplicationTests    : No active profile set, falling back to 1 default profile: "default"
2024-01-06T15:51:18.300+05:30  INFO 12384 --- [           main] .s.d.r.c.RepositoryConfigurationDelegate : Bootstrapping Spring Data MongoDB repositories in DEFAULT mode.
2024-01-06T15:51:18.447+05:30  INFO 12384 --- [           main] .s.d.r.c.RepositoryConfigurationDelegate : Finished Spring Data repository scanning in 136 ms. Found 2 MongoDB repository interfaces.
2024-01-06T15:51:20.772+05:30  INFO 12384 --- [           main] org.mongodb.driver.client                : MongoClient with metadata {"driver": {"name": "mongo-java-driver|sync|spring-boot", "version": "4.11.1"}, "os": {"type": "Windows", "name": "Windows 11", "architecture": "amd64", "version": "10.0"}, "platform": "Java/Oracle Corporation/21.0.1+12-29"} created with settings MongoClientSettings{readPreference=primary, writeConcern=WriteConcern{w=null, wTimeout=null ms, journal=null}, retryWrites=true, retryReads=true, readConcern=ReadConcern{level=null}, credential=MongoCredential{mechanism=null, userName='niladri', source='admin', password=<hidden>, mechanismProperties=<hidden>}, transportSettings=null, streamFactoryFactory=null, commandListeners=[], codecRegistry=ProvidersCodecRegistry{codecProviders=[ValueCodecProvider{}, BsonValueCodecProvider{}, DBRefCodecProvider{}, DBObjectCodecProvider{}, DocumentCodecProvider{}, CollectionCodecProvider{}, IterableCodecProvider{}, MapCodecProvider{}, GeoJsonCodecProvider{}, GridFSFileCodecProvider{}, Jsr310CodecProvider{}, JsonObjectCodecProvider{}, BsonCodecProvider{}, EnumCodecProvider{}, com.mongodb.client.model.mql.ExpressionCodecProvider@40ac6b76, com.mongodb.Jep395RecordCodecProvider@7980cf2c, com.mongodb.KotlinCodecProvider@f0020b1]}, loggerSettings=LoggerSettings{maxDocumentLength=1000}, clusterSettings={hosts=[127.0.0.1:27017], srvHost=mampi.yq2z6vy.mongodb.net, srvServiceName=mongodb, mode=MULTIPLE, requiredClusterType=REPLICA_SET, requiredReplicaSetName='atlas-vqjgwa-shard-0', serverSelector='null', clusterListeners='[]', serverSelectionTimeout='30000 ms', localThreshold='15 ms'}, socketSettings=SocketSettings{connectTimeoutMS=10000, readTimeoutMS=0, receiveBufferSize=0, proxySettings=ProxySettings{host=null, port=null, username=null, password=null}}, heartbeatSocketSettings=SocketSettings{connectTimeoutMS=10000, readTimeoutMS=10000, receiveBufferSize=0, proxySettings=ProxySettings{host=null, port=null, username=null, password=null}}, connectionPoolSettings=ConnectionPoolSettings{maxSize=100, minSize=0, maxWaitTimeMS=120000, maxConnectionLifeTimeMS=0, maxConnectionIdleTimeMS=0, maintenanceInitialDelayMS=0, maintenanceFrequencyMS=60000, connectionPoolListeners=[], maxConnecting=2}, serverSettings=ServerSettings{heartbeatFrequencyMS=10000, minHeartbeatFrequencyMS=500, serverListeners='[]', serverMonitorListeners='[]'}, sslSettings=SslSettings{enabled=true, invalidHostNameAllowed=false, context=null}, applicationName='null', compressorList=[], uuidRepresentation=JAVA_LEGACY, serverApi=null, autoEncryptionSettings=null, dnsClient=null, inetAddressResolver=null, contextProvider=null}
2024-01-06T15:51:20.792+05:30  INFO 12384 --- [6vy.mongodb.net] org.mongodb.driver.cluster               : Adding discovered server ac-lvrbwud-shard-00-00.yq2z6vy.mongodb.net:27017 to client view of cluster
2024-01-06T15:51:20.827+05:30  INFO 12384 --- [6vy.mongodb.net] org.mongodb.driver.cluster               : Adding discovered server ac-lvrbwud-shard-00-01.yq2z6vy.mongodb.net:27017 to client view of cluster
2024-01-06T15:51:20.831+05:30  INFO 12384 --- [6vy.mongodb.net] org.mongodb.driver.cluster               : Adding discovered server ac-lvrbwud-shard-00-02.yq2z6vy.mongodb.net:27017 to client view of cluster
2024-01-06T15:51:22.949+05:30  INFO 12384 --- [ngodb.net:27017] org.mongodb.driver.cluster               : Monitor thread successfully connected to server with description ServerDescription{address=ac-lvrbwud-shard-00-01.yq2z6vy.mongodb.net:27017, type=REPLICA_SET_SECONDARY, state=CONNECTED, ok=true, minWireVersion=0, maxWireVersion=17, maxDocumentSize=16777216, logicalSessionTimeoutMinutes=30, roundTripTimeNanos=1098870000, setName='atlas-vqjgwa-shard-0', canonicalAddress=ac-lvrbwud-shard-00-01.yq2z6vy.mongodb.net:27017, hosts=[ac-lvrbwud-shard-00-00.yq2z6vy.mongodb.net:27017, ac-lvrbwud-shard-00-01.yq2z6vy.mongodb.net:27017, ac-lvrbwud-shard-00-02.yq2z6vy.mongodb.net:27017], passives=[], arbiters=[], primary='ac-lvrbwud-shard-00-02.yq2z6vy.mongodb.net:27017', tagSet=TagSet{[Tag{name='availabilityZone', value='aps1-az3'}, Tag{name='nodeType', value='ELECTABLE'}, Tag{name='provider', value='AWS'}, Tag{name='region', value='AP_SOUTH_1'}, Tag{name='workloadType', value='OPERATIONAL'}]}, electionId=null, setVersion=1, topologyVersion=TopologyVersion{processId=659924ace35da50b9538c9b7, counter=3}, lastWriteDate=Sat Jan 06 15:51:35 IST 2024, lastUpdateTimeNanos=21191966187600}
2024-01-06T15:51:22.965+05:30  INFO 12384 --- [ngodb.net:27017] org.mongodb.driver.cluster               : Monitor thread successfully connected to server with description ServerDescription{address=ac-lvrbwud-shard-00-00.yq2z6vy.mongodb.net:27017, type=REPLICA_SET_SECONDARY, state=CONNECTED, ok=true, minWireVersion=0, maxWireVersion=17, maxDocumentSize=16777216, logicalSessionTimeoutMinutes=30, roundTripTimeNanos=1099264600, setName='atlas-vqjgwa-shard-0', canonicalAddress=ac-lvrbwud-shard-00-00.yq2z6vy.mongodb.net:27017, hosts=[ac-lvrbwud-shard-00-00.yq2z6vy.mongodb.net:27017, ac-lvrbwud-shard-00-01.yq2z6vy.mongodb.net:27017, ac-lvrbwud-shard-00-02.yq2z6vy.mongodb.net:27017], passives=[], arbiters=[], primary='ac-lvrbwud-shard-00-02.yq2z6vy.mongodb.net:27017', tagSet=TagSet{[Tag{name='availabilityZone', value='aps1-az1'}, Tag{name='nodeType', value='ELECTABLE'}, Tag{name='provider', value='AWS'}, Tag{name='region', value='AP_SOUTH_1'}, Tag{name='workloadType', value='OPERATIONAL'}]}, electionId=null, setVersion=1, topologyVersion=TopologyVersion{processId=659921dcfc5c7873eb5ad436, counter=4}, lastWriteDate=Sat Jan 06 15:51:35 IST 2024, lastUpdateTimeNanos=21191966718400}
2024-01-06T15:51:22.965+05:30  INFO 12384 --- [ngodb.net:27017] org.mongodb.driver.cluster               : Monitor thread successfully connected to server with description ServerDescription{address=ac-lvrbwud-shard-00-02.yq2z6vy.mongodb.net:27017, type=REPLICA_SET_PRIMARY, state=CONNECTED, ok=true, minWireVersion=0, maxWireVersion=17, maxDocumentSize=16777216, logicalSessionTimeoutMinutes=30, roundTripTimeNanos=1098493900, setName='atlas-vqjgwa-shard-0', canonicalAddress=ac-lvrbwud-shard-00-02.yq2z6vy.mongodb.net:27017, hosts=[ac-lvrbwud-shard-00-00.yq2z6vy.mongodb.net:27017, ac-lvrbwud-shard-00-01.yq2z6vy.mongodb.net:27017, ac-lvrbwud-shard-00-02.yq2z6vy.mongodb.net:27017], passives=[], arbiters=[], primary='ac-lvrbwud-shard-00-02.yq2z6vy.mongodb.net:27017', tagSet=TagSet{[Tag{name='availabilityZone', value='aps1-az2'}, Tag{name='nodeType', value='ELECTABLE'}, Tag{name='provider', value='AWS'}, Tag{name='region', value='AP_SOUTH_1'}, Tag{name='workloadType', value='OPERATIONAL'}]}, electionId=7fffffff0000000000000004, setVersion=1, topologyVersion=TopologyVersion{processId=659923407f607ca2792d2ccb, counter=6}, lastWriteDate=Sat Jan 06 15:51:35 IST 2024, lastUpdateTimeNanos=21191966187600}
2024-01-06T15:51:22.968+05:30  INFO 12384 --- [ngodb.net:27017] org.mongodb.driver.cluster               : Discovered replica set primary ac-lvrbwud-shard-00-02.yq2z6vy.mongodb.net:27017 with max election id 7fffffff0000000000000004 and max set version 1
2024-01-06T15:51:23.795+05:30  INFO 12384 --- [           main] c.n.M.MoneyManagementApplicationTests    : Started MoneyManagementApplicationTests in 8.359 seconds (process running for 16.196)
]]></system-out>
    <system-err><![CDATA[WARNING: A Java agent has been loaded dynamically (C:\Users\acer pc\.m2\repository\net\bytebuddy\byte-buddy-agent\1.14.10\byte-buddy-agent-1.14.10.jar)
WARNING: If a serviceability tool is in use, please run with -XX:+EnableDynamicAgentLoading to hide this warning
WARNING: If a serviceability tool is not in use, please run with -Djdk.instrument.traceUsage for more information
WARNING: Dynamic loading of agents will be disallowed by default in a future release
]]></system-err>
  </testcase>
</testsuite>